<component name="libraryTable">
  <library name="JUnit">
    <CLASSES>
      <root url="jar://$PROJECT_DIR$/XPDaysSamples/lib/hamcrest-all-1.3.jar!/" />
      <root url="jar://$PROJECT_DIR$/XPDaysSamples/lib/junit-4.11.jar!/" />
      <root url="jar://$PROJECT_DIR$/XPDaysSamples/lib/junit-hierarchicalcontextrunner-4.11.3.jar!/" />
    </CLASSES>
    <JAVADOC />
    <SOURCES />
  </library>
</component>